<?xml version="1.0" encoding="UTF-8"?>
<!-- Generated by org.testng.reporters.JUnitReportReporter -->
<testsuite hostname="TILLT04345" name="com.til.brandwire.main.BaseClass" tests="1" failures="0" timestamp="7 Aug 2018 11:03:58 GMT" time="8.529" errors="0">
  <testcase name="driverInitialize" time="8.529" classname="com.til.brandwire.main.BaseClass"/>
</testsuite> <!-- com.til.brandwire.main.BaseClass -->
