<?xml version="1.0" encoding="UTF-8"?>
<!-- Generated by org.testng.reporters.JUnitReportReporter -->
<testsuite hostname="TILLT04345" name="com.til.brandwire.test.VerifyLogin" tests="1" failures="0" timestamp="7 Aug 2018 11:28:42 GMT" time="8.608" errors="0">
  <testcase name="verifyLogin" time="8.608" classname="com.til.brandwire.test.VerifyLogin"/>
</testsuite> <!-- com.til.brandwire.test.VerifyLogin -->
